Started GET "/" for ::1 at 2022-03-10 18:35:36 -0600
  [1m[35m (3.7ms)[0m  [1m[34mSELECT sqlite_version(*)[0m
Processing by Rails::WelcomeController#index as HTML
  Rendering /Users/kristophertope/.rvm/gems/ruby-3.1.1/gems/railties-7.0.2.3/lib/rails/templates/rails/welcome/index.html.erb
  Rendered /Users/kristophertope/.rvm/gems/ruby-3.1.1/gems/railties-7.0.2.3/lib/rails/templates/rails/welcome/index.html.erb (Duration: 21.3ms | Allocations: 913)
Completed 200 OK in 149ms (Views: 126.8ms | ActiveRecord: 0.0ms | Allocations: 7963)


Started GET "/" for ::1 at 2022-03-11 14:17:22 -0600
  [1m[35m (1.7ms)[0m  [1m[34mSELECT sqlite_version(*)[0m
Processing by HelloController#index as HTML
  Rendering layout layouts/application.html.erb
  Rendering hello/index.html.erb within layouts/application
  Rendered hello/index.html.erb within layouts/application (Duration: 2.5ms | Allocations: 453)
  Rendered layout layouts/application.html.erb (Duration: 1639.1ms | Allocations: 90282)
Completed 200 OK in 1668ms (Views: 1648.1ms | ActiveRecord: 0.0ms | Allocations: 94917)


Started GET "/" for ::1 at 2022-03-11 14:27:08 -0600
Processing by HelloController#index as HTML
  Rendering layout layouts/application.html.erb
  Rendering hello/index.html.erb within layouts/application
  Rendered hello/index.html.erb within layouts/application (Duration: 0.0ms | Allocations: 20)
  Rendered layout layouts/application.html.erb (Duration: 10.6ms | Allocations: 3751)
Completed 200 OK in 12ms (Views: 11.3ms | Allocations: 4073)


Started GET "/" for ::1 at 2022-03-11 15:21:49 -0600
  [1m[35m (1.5ms)[0m  [1m[34mSELECT sqlite_version(*)[0m
Processing by HelloController#index as HTML
  Rendering layout layouts/application.html.erb
  Rendering hello/index.html.erb within layouts/application
  Rendered hello/index.html.erb within layouts/application (Duration: 2.7ms | Allocations: 453)
  Rendered layout layouts/application.html.erb (Duration: 89.4ms | Allocations: 41196)
Completed 200 OK in 115ms (Views: 109.2ms | ActiveRecord: 0.0ms | Allocations: 45826)


Started GET "/" for ::1 at 2022-03-11 15:23:28 -0600
Processing by HelloController#index as HTML
  Rendering layout layouts/application.html.erb
  Rendering hello/index.html.erb within layouts/application
  Rendered hello/index.html.erb within layouts/application (Duration: 0.0ms | Allocations: 20)
  Rendered layout layouts/application.html.erb (Duration: 82.4ms | Allocations: 21517)
Completed 500 Internal Server Error in 83ms (ActiveRecord: 0.0ms | Allocations: 21825)


  
LoadError (cannot load such file -- sassc):
  
app/views/layouts/application.html.erb:9
Started GET "/" for ::1 at 2022-03-11 15:23:37 -0600
Processing by HelloController#index as HTML
  Rendering layout layouts/application.html.erb
  Rendering hello/index.html.erb within layouts/application
  Rendered hello/index.html.erb within layouts/application (Duration: 0.1ms | Allocations: 18)
  Rendered layout layouts/application.html.erb (Duration: 6.5ms | Allocations: 3106)
Completed 500 Internal Server Error in 8ms (ActiveRecord: 0.0ms | Allocations: 3382)


  
LoadError (cannot load such file -- sassc):
  
app/views/layouts/application.html.erb:9
Started GET "/" for ::1 at 2022-03-11 15:24:07 -0600
Processing by HelloController#index as HTML
  Rendering layout layouts/application.html.erb
  Rendering hello/index.html.erb within layouts/application
  Rendered hello/index.html.erb within layouts/application (Duration: 0.0ms | Allocations: 18)
  Rendered layout layouts/application.html.erb (Duration: 4.6ms | Allocations: 2292)
Completed 200 OK in 6ms (Views: 5.0ms | ActiveRecord: 0.0ms | Allocations: 2570)


Started GET "/" for ::1 at 2022-03-11 15:37:25 -0600
Processing by HelloController#index as HTML
  Rendering layout layouts/application.html.erb
  Rendering hello/index.html.erb within layouts/application
  Rendered hello/index.html.erb within layouts/application (Duration: 0.0ms | Allocations: 18)
  Rendered layout layouts/application.html.erb (Duration: 23.7ms | Allocations: 20262)
Completed 500 Internal Server Error in 25ms (Allocations: 20500)


  
LoadError (cannot load such file -- sassc):
  
app/views/layouts/application.html.erb:9
Started GET "/" for ::1 at 2022-03-11 15:37:46 -0600
Processing by HelloController#index as HTML
  Rendering layout layouts/application.html.erb
  Rendering hello/index.html.erb within layouts/application
  Rendered hello/index.html.erb within layouts/application (Duration: 0.1ms | Allocations: 18)
  Rendered layout layouts/application.html.erb (Duration: 8.9ms | Allocations: 3645)
Completed 500 Internal Server Error in 11ms (Allocations: 3884)


  
LoadError (cannot load such file -- sassc):
  
app/views/layouts/application.html.erb:9
Started GET "/" for ::1 at 2022-03-11 15:37:59 -0600
Processing by HelloController#index as HTML
  Rendering layout layouts/application.html.erb
  Rendering hello/index.html.erb within layouts/application
  Rendered hello/index.html.erb within layouts/application (Duration: 0.0ms | Allocations: 18)
  Rendered layout layouts/application.html.erb (Duration: 4.5ms | Allocations: 2266)
Completed 200 OK in 5ms (Views: 4.9ms | Allocations: 2531)


Started GET "/" for ::1 at 2022-03-11 15:38:12 -0600
Processing by HelloController#index as HTML
  Rendering layout layouts/application.html.erb
  Rendering hello/index.html.erb within layouts/application
  Rendered hello/index.html.erb within layouts/application (Duration: 0.1ms | Allocations: 18)
  Rendered layout layouts/application.html.erb (Duration: 24.7ms | Allocations: 19476)
Completed 500 Internal Server Error in 26ms (Allocations: 19714)


  
LoadError (cannot load such file -- sassc):
  
app/views/layouts/application.html.erb:9
Started GET "/" for ::1 at 2022-03-11 15:41:33 -0600
Processing by HelloController#index as HTML
  Rendering layout layouts/application.html.erb
  Rendering hello/index.html.erb within layouts/application
  Rendered hello/index.html.erb within layouts/application (Duration: 0.1ms | Allocations: 18)
  Rendered layout layouts/application.html.erb (Duration: 21.1ms | Allocations: 19371)
Completed 500 Internal Server Error in 23ms (Allocations: 19609)


  
LoadError (cannot load such file -- sassc):
  
app/views/layouts/application.html.erb:9
Started GET "/" for ::1 at 2022-03-11 15:41:49 -0600
Processing by HelloController#index as HTML
  Rendering layout layouts/application.html.erb
  Rendering hello/index.html.erb within layouts/application
  Rendered hello/index.html.erb within layouts/application (Duration: 0.0ms | Allocations: 18)
  Rendered layout layouts/application.html.erb (Duration: 7.4ms | Allocations: 2826)
Completed 500 Internal Server Error in 8ms (Allocations: 3064)


  
LoadError (cannot load such file -- sassc):
  
app/views/layouts/application.html.erb:9
Started GET "/" for ::1 at 2022-03-11 17:09:39 -0600
  [1m[35m (2.6ms)[0m  [1m[34mSELECT sqlite_version(*)[0m
Processing by HelloController#index as HTML
  Rendering layout layouts/application.html.erb
  Rendering hello/index.html.erb within layouts/application
  Rendered hello/index.html.erb within layouts/application (Duration: 1.9ms | Allocations: 453)
  Rendered layout layouts/application.html.erb (Duration: 117.3ms | Allocations: 43517)
Completed 200 OK in 129ms (Views: 122.8ms | ActiveRecord: 0.0ms | Allocations: 48147)


Started GET "/" for ::1 at 2022-03-11 17:10:14 -0600
Processing by HelloController#index as HTML
  Rendering layout layouts/application.html.erb
  Rendering hello/index.html.erb within layouts/application
  Rendered hello/index.html.erb within layouts/application (Duration: 0.1ms | Allocations: 20)
  Rendered layout layouts/application.html.erb (Duration: 24.0ms | Allocations: 5016)
Completed 200 OK in 26ms (Views: 24.8ms | ActiveRecord: 0.0ms | Allocations: 5343)


Started GET "/" for ::1 at 2022-03-11 17:10:20 -0600
Processing by HelloController#index as HTML
  Rendering layout layouts/application.html.erb
  Rendering hello/index.html.erb within layouts/application
  Rendered hello/index.html.erb within layouts/application (Duration: 0.1ms | Allocations: 18)
  Rendered layout layouts/application.html.erb (Duration: 23.3ms | Allocations: 5166)
Completed 200 OK in 26ms (Views: 24.4ms | ActiveRecord: 0.0ms | Allocations: 5435)


Started GET "/" for ::1 at 2022-03-11 17:50:43 -0600
  [1m[35m (1.5ms)[0m  [1m[34mSELECT sqlite_version(*)[0m
Processing by HelloController#index as HTML
  Rendering layout layouts/application.html.erb
  Rendering hello/index.html.erb within layouts/application
  Rendered hello/index.html.erb within layouts/application (Duration: 0.8ms | Allocations: 453)
  Rendered layout layouts/application.html.erb (Duration: 79.5ms | Allocations: 30433)
Completed 500 Internal Server Error in 87ms (ActiveRecord: 0.0ms | Allocations: 35012)


  
ActionView::Template::Error (Multiple files with the same output path cannot be linked ("application.css")
In "/Users/kristophertope/Dropbox/Websites/kristophertope.com/projects/rails_hello_world/app/assets/config/manifest.js" these files were linked:
  - /Users/kristophertope/Dropbox/Websites/kristophertope.com/projects/rails_hello_world/app/assets/stylesheets/application.css
  - /Users/kristophertope/Dropbox/Websites/kristophertope.com/projects/rails_hello_world/app/assets/stylesheets/application.scss
):
  
sprockets (4.0.3) lib/sprockets/base.rb:100:in `find_all_linked_assets'
sprockets (4.0.3) lib/sprockets/manifest.rb:125:in `each'
sprockets (4.0.3) lib/sprockets/manifest.rb:125:in `to_a'
sprockets (4.0.3) lib/sprockets/manifest.rb:125:in `block (2 levels) in find'
concurrent-ruby (1.1.9) lib/concurrent-ruby/concurrent/executor/safe_task_executor.rb:24:in `block in execute'
concurrent-ruby (1.1.9) lib/concurrent-ruby/concurrent/synchronization/mutex_lockable_object.rb:47:in `block in synchronize'
concurrent-ruby (1.1.9) lib/concurrent-ruby/concurrent/synchronization/mutex_lockable_object.rb:47:in `synchronize'
concurrent-ruby (1.1.9) lib/concurrent-ruby/concurrent/synchronization/mutex_lockable_object.rb:47:in `synchronize'
concurrent-ruby (1.1.9) lib/concurrent-ruby/concurrent/executor/safe_task_executor.rb:19:in `execute'
concurrent-ruby (1.1.9) lib/concurrent-ruby/concurrent/promise.rb:564:in `block in realize'
concurrent-ruby (1.1.9) lib/concurrent-ruby/concurrent/executor/ruby_thread_pool_executor.rb:363:in `run_task'
concurrent-ruby (1.1.9) lib/concurrent-ruby/concurrent/executor/ruby_thread_pool_executor.rb:352:in `block (3 levels) in create_worker'
concurrent-ruby (1.1.9) lib/concurrent-ruby/concurrent/executor/ruby_thread_pool_executor.rb:335:in `loop'
concurrent-ruby (1.1.9) lib/concurrent-ruby/concurrent/executor/ruby_thread_pool_executor.rb:335:in `block (2 levels) in create_worker'
concurrent-ruby (1.1.9) lib/concurrent-ruby/concurrent/executor/ruby_thread_pool_executor.rb:334:in `catch'
concurrent-ruby (1.1.9) lib/concurrent-ruby/concurrent/executor/ruby_thread_pool_executor.rb:334:in `block in create_worker'
Started GET "/" for ::1 at 2022-03-11 17:50:57 -0600
Processing by HelloController#index as HTML
  Rendering layout layouts/application.html.erb
  Rendering hello/index.html.erb within layouts/application
  Rendered hello/index.html.erb within layouts/application (Duration: 0.1ms | Allocations: 18)
  Rendered layout layouts/application.html.erb (Duration: 15.2ms | Allocations: 11800)
Completed 500 Internal Server Error in 17ms (ActiveRecord: 0.0ms | Allocations: 12882)


  
ActionView::Template::Error (Multiple files with the same output path cannot be linked ("application.css")
In "/Users/kristophertope/Dropbox/Websites/kristophertope.com/projects/rails_hello_world/app/assets/config/manifest.js" these files were linked:
  - /Users/kristophertope/Dropbox/Websites/kristophertope.com/projects/rails_hello_world/app/assets/stylesheets/application.css
  - /Users/kristophertope/Dropbox/Websites/kristophertope.com/projects/rails_hello_world/app/assets/stylesheets/application.scss
):
  
sprockets (4.0.3) lib/sprockets/base.rb:100:in `find_all_linked_assets'
sprockets (4.0.3) lib/sprockets/manifest.rb:125:in `each'
sprockets (4.0.3) lib/sprockets/manifest.rb:125:in `to_a'
sprockets (4.0.3) lib/sprockets/manifest.rb:125:in `block (2 levels) in find'
concurrent-ruby (1.1.9) lib/concurrent-ruby/concurrent/executor/safe_task_executor.rb:24:in `block in execute'
concurrent-ruby (1.1.9) lib/concurrent-ruby/concurrent/synchronization/mutex_lockable_object.rb:47:in `block in synchronize'
concurrent-ruby (1.1.9) lib/concurrent-ruby/concurrent/synchronization/mutex_lockable_object.rb:47:in `synchronize'
concurrent-ruby (1.1.9) lib/concurrent-ruby/concurrent/synchronization/mutex_lockable_object.rb:47:in `synchronize'
concurrent-ruby (1.1.9) lib/concurrent-ruby/concurrent/executor/safe_task_executor.rb:19:in `execute'
concurrent-ruby (1.1.9) lib/concurrent-ruby/concurrent/promise.rb:564:in `block in realize'
concurrent-ruby (1.1.9) lib/concurrent-ruby/concurrent/executor/ruby_thread_pool_executor.rb:363:in `run_task'
concurrent-ruby (1.1.9) lib/concurrent-ruby/concurrent/executor/ruby_thread_pool_executor.rb:352:in `block (3 levels) in create_worker'
concurrent-ruby (1.1.9) lib/concurrent-ruby/concurrent/executor/ruby_thread_pool_executor.rb:335:in `loop'
concurrent-ruby (1.1.9) lib/concurrent-ruby/concurrent/executor/ruby_thread_pool_executor.rb:335:in `block (2 levels) in create_worker'
concurrent-ruby (1.1.9) lib/concurrent-ruby/concurrent/executor/ruby_thread_pool_executor.rb:334:in `catch'
concurrent-ruby (1.1.9) lib/concurrent-ruby/concurrent/executor/ruby_thread_pool_executor.rb:334:in `block in create_worker'
Started GET "/" for ::1 at 2022-03-11 17:51:47 -0600
Processing by HelloController#index as HTML
  Rendering layout layouts/application.html.erb
  Rendering hello/index.html.erb within layouts/application
  Rendered hello/index.html.erb within layouts/application (Duration: 0.1ms | Allocations: 18)
  Rendered layout layouts/application.html.erb (Duration: 56.7ms | Allocations: 38325)
Completed 200 OK in 58ms (Views: 57.3ms | ActiveRecord: 0.0ms | Allocations: 38648)


Started GET "/" for ::1 at 2022-03-11 17:51:59 -0600
  [1m[35m (0.6ms)[0m  [1m[34mSELECT sqlite_version(*)[0m
Processing by HelloController#index as HTML
  Rendering layout layouts/application.html.erb
  Rendering hello/index.html.erb within layouts/application
  Rendered hello/index.html.erb within layouts/application (Duration: 0.9ms | Allocations: 453)
  Rendered layout layouts/application.html.erb (Duration: 48.0ms | Allocations: 36273)
Completed 200 OK in 55ms (Views: 51.3ms | ActiveRecord: 0.0ms | Allocations: 40904)


